# JRE version: OpenJDK Runtime Environment Zulu17.46+19-CA (17.0.9+8) (build 17.0.9+8-LTS)
# Java VM: OpenJDK 64-Bit Server VM Zulu17.46+19-CA (17.0.9+8-LTS, mixed mode, sharing, tiered, compressed oops, compressed class ptrs, g1 gc, windows-amd64)
GC Precious Log:
 CPUs: 4 total, 4 available
 Memory: 15308M
 Large Page Support: Disabled
 NUMA Support: Disabled
 Compressed Oops: Enabled (Zero based)
 Heap Region Size: 2M
 Heap Min Capacity: 8M
 Heap Initial Capacity: 240M
 Heap Max Capacity: 3828M
 Pre-touch: Disabled
 Parallel Workers: 4
 Concurrent Workers: 1
 Concurrent Refinement Workers: 4
 Periodic GC: Disabled
Heap:
 garbage-first heap   total 55296K, used 16115K [0x0000000710c00000, 0x0000000800000000)
  region size 2048K, 3 young (6144K), 2 survivors (4096K)
 Metaspace       used 29100K, committed 29440K, reserved 1114112K
  class space    used 3921K, committed 4096K, reserved 1048576K
GC Heap History (10 events):
Event: 0.715 GC heap before
{Heap before GC invocations=0 (full 0):
 garbage-first heap   total 245760K, used 10240K [0x0000000710c00000, 0x0000000800000000)
  region size 2048K, 6 young (12288K), 0 survivors (0K)
 Metaspace       used 2787K, committed 2944K, reserved 1114112K
  class space    used 271K, committed 384K, reserved 1048576K
}
Event: 0.720 GC heap after
{Heap after GC invocations=1 (full 0):
 garbage-first heap   total 245760K, used 5908K [0x0000000710c00000, 0x0000000800000000)
  region size 2048K, 1 young (2048K), 1 survivors (2048K)
 Metaspace       used 2787K, committed 2944K, reserved 1114112K
  class space    used 271K, committed 384K, reserved 1048576K
}
Event: 1.419 GC heap before
{Heap before GC invocations=1 (full 0):
 garbage-first heap   total 245760K, used 16148K [0x0000000710c00000, 0x0000000800000000)
  region size 2048K, 6 young (12288K), 1 survivors (2048K)
 Metaspace       used 5275K, committed 5504K, reserved 1114112K
  class space    used 659K, committed 768K, reserved 1048576K
}
Event: 1.429 GC heap after
{Heap after GC invocations=2 (full 0):
 garbage-first heap   total 245760K, used 6537K [0x0000000710c00000, 0x0000000800000000)
  region size 2048K, 1 young (2048K), 1 survivors (2048K)
 Metaspace       used 5275K, committed 5504K, reserved 1114112K
  class space    used 659K, committed 768K, reserved 1048576K
}
Event: 2.812 GC heap before
{Heap before GC invocations=2 (full 0):
 garbage-first heap   total 245760K, used 31113K [0x0000000710c00000, 0x0000000800000000)
  region size 2048K, 13 young (26624K), 1 survivors (2048K)
 Metaspace       used 11256K, committed 11456K, reserved 1114112K
  class space    used 1453K, committed 1536K, reserved 1048576K
}
Event: 2.820 GC heap after
{Heap after GC invocations=3 (full 0):
 garbage-first heap   total 245760K, used 8553K [0x0000000710c00000, 0x0000000800000000)
  region size 2048K, 2 young (4096K), 2 survivors (4096K)
 Metaspace       used 11256K, committed 11456K, reserved 1114112K
  class space    used 1453K, committed 1536K, reserved 1048576K
}
Event: 4.463 GC heap before
{Heap before GC invocations=3 (full 0):
 garbage-first heap   total 245760K, used 59753K [0x0000000710c00000, 0x0000000800000000)
  region size 2048K, 28 young (57344K), 2 survivors (4096K)
 Metaspace       used 21242K, committed 21504K, reserved 1114112K
  class space    used 2798K, committed 2944K, reserved 1048576K
}
Event: 4.479 GC heap after
{Heap after GC invocations=4 (full 0):
 garbage-first heap   total 245760K, used 12773K [0x0000000710c00000, 0x0000000800000000)
  region size 2048K, 4 young (8192K), 4 survivors (8192K)
 Metaspace       used 21242K, committed 21504K, reserved 1114112K
  class space    used 2798K, committed 2944K, reserved 1048576K
}
Event: 5.308 GC heap before
{Heap before GC invocations=5 (full 0):
 garbage-first heap   total 55296K, used 39397K [0x0000000710c00000, 0x0000000800000000)
  region size 2048K, 18 young (36864K), 4 survivors (8192K)
 Metaspace       used 25527K, committed 25792K, reserved 1114112K
  class space    used 3376K, committed 3520K, reserved 1048576K
}
Event: 5.322 GC heap after
{Heap after GC invocations=6 (full 0):
 garbage-first heap   total 55296K, used 14095K [0x0000000710c00000, 0x0000000800000000)
  region size 2048K, 4 young (8192K), 4 survivors (8192K)
 Metaspace       used 25527K, committed 25792K, reserved 1114112K
  class space    used 3376K, committed 3520K, reserved 1048576K
}

